<?xml version="1.0" encoding="UTF-8"?>
<testsuite name="com.example.demo.data.VoitureTest" tests="1" skipped="0" failures="0" errors="0" timestamp="2023-03-14T10:44:11" hostname="MBP-de-Benoit" time="0.004">
  <properties/>
  <testcase name="creerVoiture()" classname="com.example.demo.data.VoitureTest" time="0.004"/>
  <system-out><![CDATA[2023-03-14 11:44:11.385  INFO 2230 --- [    Test worker] .b.t.c.SpringBootTestContextBootstrapper : Neither @ContextConfiguration nor @ContextHierarchy found for test class [com.example.demo.data.VoitureTest], using SpringBootContextLoader
2023-03-14 11:44:11.386  INFO 2230 --- [    Test worker] o.s.t.c.support.AbstractContextLoader    : Could not detect default resource locations for test class [com.example.demo.data.VoitureTest]: no resource found for suffixes {-context.xml, Context.groovy}.
2023-03-14 11:44:11.386  INFO 2230 --- [    Test worker] t.c.s.AnnotationConfigContextLoaderUtils : Could not detect default configuration classes for test class [com.example.demo.data.VoitureTest]: VoitureTest does not declare any static, non-private, non-final, nested classes annotated with @Configuration.
2023-03-14 11:44:11.388  INFO 2230 --- [    Test worker] .b.t.c.SpringBootTestContextBootstrapper : Found @SpringBootConfiguration com.example.demo.DemoApplication for test class com.example.demo.data.VoitureTest
2023-03-14 11:44:11.390  INFO 2230 --- [    Test worker] .b.t.c.SpringBootTestContextBootstrapper : Loaded default TestExecutionListener class names from location [META-INF/spring.factories]: [org.springframework.boot.test.autoconfigure.restdocs.RestDocsTestExecutionListener, org.springframework.boot.test.autoconfigure.web.client.MockRestServiceServerResetTestExecutionListener, org.springframework.boot.test.autoconfigure.web.servlet.MockMvcPrintOnlyOnFailureTestExecutionListener, org.springframework.boot.test.autoconfigure.web.servlet.WebDriverTestExecutionListener, org.springframework.boot.test.autoconfigure.webservices.client.MockWebServiceServerTestExecutionListener, org.springframework.boot.test.mock.mockito.MockitoTestExecutionListener, org.springframework.boot.test.mock.mockito.ResetMocksTestExecutionListener, org.springframework.test.context.web.ServletTestExecutionListener, org.springframework.test.context.support.DirtiesContextBeforeModesTestExecutionListener, org.springframework.test.context.event.ApplicationEventsTestExecutionListener, org.springframework.test.context.support.DependencyInjectionTestExecutionListener, org.springframework.test.context.support.DirtiesContextTestExecutionListener, org.springframework.test.context.transaction.TransactionalTestExecutionListener, org.springframework.test.context.jdbc.SqlScriptsTestExecutionListener, org.springframework.test.context.event.EventPublishingTestExecutionListener]
2023-03-14 11:44:11.391  INFO 2230 --- [    Test worker] .b.t.c.SpringBootTestContextBootstrapper : Using TestExecutionListeners: [org.springframework.test.context.web.ServletTestExecutionListener@7b8d6c66, org.springframework.test.context.support.DirtiesContextBeforeModesTestExecutionListener@6ca367aa, org.springframework.test.context.event.ApplicationEventsTestExecutionListener@30ed4034, org.springframework.boot.test.mock.mockito.MockitoTestExecutionListener@1700d089, org.springframework.boot.test.autoconfigure.SpringBootDependencyInjectionTestExecutionListener@77e6053, org.springframework.test.context.support.DirtiesContextTestExecutionListener@7097d921, org.springframework.test.context.transaction.TransactionalTestExecutionListener@2a21cbe7, org.springframework.test.context.jdbc.SqlScriptsTestExecutionListener@3bb4c2b2, org.springframework.test.context.event.EventPublishingTestExecutionListener@4fbc516f, org.springframework.boot.test.autoconfigure.restdocs.RestDocsTestExecutionListener@1acc768, org.springframework.boot.test.autoconfigure.web.client.MockRestServiceServerResetTestExecutionListener@25765a49, org.springframework.boot.test.autoconfigure.web.servlet.MockMvcPrintOnlyOnFailureTestExecutionListener@38caad07, org.springframework.boot.test.autoconfigure.web.servlet.WebDriverTestExecutionListener@15d0b458, org.springframework.boot.test.autoconfigure.webservices.client.MockWebServiceServerTestExecutionListener@72a0a60d, org.springframework.boot.test.mock.mockito.ResetMocksTestExecutionListener@65930e02]
]]></system-out>
  <system-err><![CDATA[]]></system-err>
</testsuite>
